<?xml version="1.0" encoding="UTF-8"?>
<!-- Generated by org.testng.reporters.JUnitReportReporter -->
<testsuite hostname="DESKTOP-DJ4FDME" failures="0" tests="1" name="learnTestNG.TestScenario3" time="0.002" errors="0" timestamp="2024-06-25T07:55:07 IST" skipped="0">
  <testcase classname="learnTestNG.TestScenario3" name="fifth_testcase" time="0.002"/>
</testsuite> <!-- learnTestNG.TestScenario3 -->
