<?xml version="1.0" encoding="UTF-8"?>
<!-- Generated by org.testng.reporters.JUnitReportReporter -->
<testsuite hostname="DESKTOP-DJ4FDME" failures="0" tests="7" name="learnTestNG.TestScenario7" time="0.028" errors="0" timestamp="2024-06-25T07:49:43 IST" skipped="0">
  <testcase classname="learnTestNG.TestScenario7" name="six_testcase" time="0.005"/>
  <testcase classname="learnTestNG.TestScenario7" name="seven_testcase" time="0.002"/>
  <testcase classname="learnTestNG.TestScenario7" name="third_testcase" time="0.006"/>
  <testcase classname="learnTestNG.TestScenario7" name="forth_testcase" time="0.003"/>
  <testcase classname="learnTestNG.TestScenario7" name="first_testcase" time="0.004"/>
  <testcase classname="learnTestNG.TestScenario7" name="fifth_testcase" time="0.004"/>
  <testcase classname="learnTestNG.TestScenario7" name="second_testcase" time="0.004"/>
</testsuite> <!-- learnTestNG.TestScenario7 -->
