<?xml version="1.0" encoding="UTF-8"?>
<!-- Generated by org.testng.reporters.JUnitReportReporter -->
<testsuite hostname="DESKTOP-DJ4FDME" failures="0" tests="1" name="org.xyz.auto.abc.TS02_DifferentControl" time="9.020" errors="0" timestamp="2024-07-02T08:05:08 IST" skipped="0">
  <testcase classname="org.xyz.auto.abc.TS02_DifferentControl" name="testwebsitecontrol" time="9.020"/>
</testsuite> <!-- org.xyz.auto.abc.TS02_DifferentControl -->
