<?xml version="1.0" encoding="UTF-8"?>
<!-- Generated by org.testng.reporters.JUnitReportReporter -->
<testsuite hostname="DESKTOP-DJ4FDME" failures="0" tests="4" name="org.xyz.auto.abc.KeyboardMouse" time="18.199" errors="0" timestamp="2024-07-04T08:09:35 IST" skipped="2">
  <testcase classname="org.xyz.auto.abc.KeyboardMouse" name="handleAlerts" time="3.957"/>
  <testcase classname="org.xyz.auto.abc.KeyboardMouse" name="handleFrames" time="14.242"/>
  <testcase classname="org.xyz.auto.abc.KeyboardMouse" name="manageMouse">
    <skipped/>
  </testcase> <!-- manageMouse -->
  <testcase classname="org.xyz.auto.abc.KeyboardMouse" name="managekeyboard">
    <skipped/>
  </testcase> <!-- managekeyboard -->
</testsuite> <!-- org.xyz.auto.abc.KeyboardMouse -->
