<?xml version="1.0" encoding="UTF-8"?>
<!-- Generated by org.testng.reporters.JUnitReportReporter -->
<testsuite hostname="DESKTOP-DJ4FDME" failures="0" tests="3" name="org.wipro.fb.auto.testcases.LoginScenarios_DDF" time="16.475" errors="0" timestamp="2024-07-10T08:02:44 IST" skipped="0">
  <testcase classname="org.wipro.fb.auto.testcases.LoginScenarios_DDF" name="tc01_validateloginfunc" time="6.575"/>
  <testcase classname="org.wipro.fb.auto.testcases.LoginScenarios_DDF" name="tc01_validateloginfunc" time="5.136"/>
  <testcase classname="org.wipro.fb.auto.testcases.LoginScenarios_DDF" name="tc01_validateloginfunc" time="4.764"/>
</testsuite> <!-- org.wipro.fb.auto.testcases.LoginScenarios_DDF -->
