<?xml version="1.0" encoding="UTF-8"?>
<!-- Generated by org.testng.reporters.JUnitReportReporter -->
<testsuite hostname="DESKTOP-DJ4FDME" failures="0" tests="2" name="org.xyz.auto.abc.TS01_LoginSignup" time="14.245" errors="0" timestamp="2024-06-27T08:17:40 IST" skipped="0">
  <testcase classname="org.xyz.auto.abc.TS01_LoginSignup" name="validatesignupfunc" time="9.417"/>
  <testcase classname="org.xyz.auto.abc.TS01_LoginSignup" name="validateloginfunc" time="4.828"/>
</testsuite> <!-- org.xyz.auto.abc.TS01_LoginSignup -->
