<?xml version="1.0" encoding="UTF-8"?>
<!-- Generated by org.testng.reporters.JUnitReportReporter -->
<testsuite hostname="DESKTOP-DJ4FDME" failures="0" tests="7" name="learnTestNG.TestScenario12" time="0.018" errors="0" timestamp="2024-06-25T07:49:43 IST" skipped="0">
  <testcase classname="learnTestNG.TestScenario12" name="seven_testcase" time="0.002"/>
  <testcase classname="learnTestNG.TestScenario12" name="first_testcase" time="0.003"/>
  <testcase classname="learnTestNG.TestScenario12" name="fifth_testcase" time="0.002"/>
  <testcase classname="learnTestNG.TestScenario12" name="six_testcase" time="0.003"/>
  <testcase classname="learnTestNG.TestScenario12" name="forth_testcase" time="0.003"/>
  <testcase classname="learnTestNG.TestScenario12" name="third_testcase" time="0.002"/>
  <testcase classname="learnTestNG.TestScenario12" name="second_testcase" time="0.003"/>
</testsuite> <!-- learnTestNG.TestScenario12 -->
