<?xml version="1.0" encoding="UTF-8"?>
<!-- Generated by org.testng.reporters.JUnitReportReporter -->
<testsuite hostname="DESKTOP-DJ4FDME" failures="0" tests="1" name="org.wipro.fb.auto.testcases.SignupScenario" time="7.984" errors="0" timestamp="2024-07-10T07:52:49 IST" skipped="0">
  <testcase classname="org.wipro.fb.auto.testcases.SignupScenario" name="tc02_signupfunctionality" time="7.984"/>
</testsuite> <!-- org.wipro.fb.auto.testcases.SignupScenario -->
