<?xml version="1.0" encoding="UTF-8"?>
<!-- Generated by org.testng.reporters.JUnitReportReporter -->
<testsuite hostname="DESKTOP-DJ4FDME" failures="0" tests="7" name="learnTestNG.TestScenario10" time="0.042" errors="0" timestamp="2024-06-25T07:49:43 IST" skipped="0">
  <testcase classname="learnTestNG.TestScenario10" name="six_testcase" time="0.002"/>
  <testcase classname="learnTestNG.TestScenario10" name="seven_testcase" time="0.002"/>
  <testcase classname="learnTestNG.TestScenario10" name="fifth_testcase" time="0.012"/>
  <testcase classname="learnTestNG.TestScenario10" name="first_testcase" time="0.017"/>
  <testcase classname="learnTestNG.TestScenario10" name="second_testcase" time="0.004"/>
  <testcase classname="learnTestNG.TestScenario10" name="third_testcase" time="0.003"/>
  <testcase classname="learnTestNG.TestScenario10" name="forth_testcase" time="0.002"/>
</testsuite> <!-- learnTestNG.TestScenario10 -->
