<?xml version="1.0" encoding="UTF-8"?>
<!-- Generated by org.testng.reporters.JUnitReportReporter -->
<testsuite hostname="DESKTOP-DJ4FDME" failures="0" tests="1" name="org.wipro.fb.auto.testcases.LoginScenarios" time="6.224" errors="0" timestamp="2024-07-09T08:24:38 IST" skipped="0">
  <testcase classname="org.wipro.fb.auto.testcases.LoginScenarios" name="tc01_validateloginfunc" time="6.224"/>
</testsuite> <!-- org.wipro.fb.auto.testcases.LoginScenarios -->
